<?xml version="1.0" encoding="UTF-8"?>
<testsuite xmlns:xsi="http://www.w3.org/2001/XMLSchema-instance" xsi:noNamespaceSchemaLocation="https://maven.apache.org/surefire/maven-surefire-plugin/xsd/surefire-test-report-3.0.xsd" version="3.0" name="com.example.AppTest" time="0.017" tests="1" errors="0" skipped="0" failures="0">
  <properties>
    <property name="java.specification.version" value="23"/>
    <property name="sun.jnu.encoding" value="UTF-8"/>
    <property name="java.class.path" value="/Users/pinakinchoudhary/Developer/pods/akka-httpserver/target/test-classes:/Users/pinakinchoudhary/Developer/pods/akka-httpserver/target/classes:/Users/pinakinchoudhary/.m2/repository/com/typesafe/akka/akka-http_2.13/10.5.3/akka-http_2.13-10.5.3.jar:/Users/pinakinchoudhary/.m2/repository/org/scala-lang/scala-library/2.13.10/scala-library-2.13.10.jar:/Users/pinakinchoudhary/.m2/repository/com/typesafe/akka/akka-http-core_2.13/10.5.3/akka-http-core_2.13-10.5.3.jar:/Users/pinakinchoudhary/.m2/repository/com/typesafe/akka/akka-parsing_2.13/10.5.3/akka-parsing_2.13-10.5.3.jar:/Users/pinakinchoudhary/.m2/repository/com/typesafe/akka/akka-stream_2.13/2.8.5/akka-stream_2.13-2.8.5.jar:/Users/pinakinchoudhary/.m2/repository/com/typesafe/akka/akka-actor_2.13/2.8.5/akka-actor_2.13-2.8.5.jar:/Users/pinakinchoudhary/.m2/repository/com/typesafe/config/1.4.2/config-1.4.2.jar:/Users/pinakinchoudhary/.m2/repository/org/scala-lang/modules/scala-java8-compat_2.13/1.0.0/scala-java8-compat_2.13-1.0.0.jar:/Users/pinakinchoudhary/.m2/repository/com/typesafe/akka/akka-protobuf-v3_2.13/2.8.5/akka-protobuf-v3_2.13-2.8.5.jar:/Users/pinakinchoudhary/.m2/repository/org/reactivestreams/reactive-streams/1.0.4/reactive-streams-1.0.4.jar:/Users/pinakinchoudhary/.m2/repository/com/typesafe/ssl-config-core_2.13/0.6.1/ssl-config-core_2.13-0.6.1.jar:/Users/pinakinchoudhary/.m2/repository/com/typesafe/akka/akka-http-jackson_2.13/10.5.3/akka-http-jackson_2.13-10.5.3.jar:/Users/pinakinchoudhary/.m2/repository/com/typesafe/akka/akka-actor-typed_2.13/2.8.5/akka-actor-typed_2.13-2.8.5.jar:/Users/pinakinchoudhary/.m2/repository/com/typesafe/akka/akka-slf4j_2.13/2.8.5/akka-slf4j_2.13-2.8.5.jar:/Users/pinakinchoudhary/.m2/repository/com/typesafe/akka/akka-cluster-typed_2.13/2.8.5/akka-cluster-typed_2.13-2.8.5.jar:/Users/pinakinchoudhary/.m2/repository/com/typesafe/akka/akka-cluster_2.13/2.8.5/akka-cluster_2.13-2.8.5.jar:/Users/pinakinchoudhary/.m2/repository/com/typesafe/akka/akka-coordination_2.13/2.8.5/akka-coordination_2.13-2.8.5.jar:/Users/pinakinchoudhary/.m2/repository/com/typesafe/akka/akka-cluster-tools_2.13/2.8.5/akka-cluster-tools_2.13-2.8.5.jar:/Users/pinakinchoudhary/.m2/repository/com/typesafe/akka/akka-distributed-data_2.13/2.8.5/akka-distributed-data_2.13-2.8.5.jar:/Users/pinakinchoudhary/.m2/repository/org/lmdbjava/lmdbjava/0.8.3/lmdbjava-0.8.3.jar:/Users/pinakinchoudhary/.m2/repository/com/github/jnr/jnr-constants/0.10.4/jnr-constants-0.10.4.jar:/Users/pinakinchoudhary/.m2/repository/com/github/jnr/jnr-ffi/2.2.13/jnr-ffi-2.2.13.jar:/Users/pinakinchoudhary/.m2/repository/com/github/jnr/jffi/1.3.10/jffi-1.3.10.jar:/Users/pinakinchoudhary/.m2/repository/com/github/jnr/jffi/1.3.10/jffi-1.3.10-native.jar:/Users/pinakinchoudhary/.m2/repository/org/ow2/asm/asm/9.2/asm-9.2.jar:/Users/pinakinchoudhary/.m2/repository/org/ow2/asm/asm-commons/9.2/asm-commons-9.2.jar:/Users/pinakinchoudhary/.m2/repository/org/ow2/asm/asm-analysis/9.2/asm-analysis-9.2.jar:/Users/pinakinchoudhary/.m2/repository/org/ow2/asm/asm-tree/9.2/asm-tree-9.2.jar:/Users/pinakinchoudhary/.m2/repository/org/ow2/asm/asm-util/9.2/asm-util-9.2.jar:/Users/pinakinchoudhary/.m2/repository/com/github/jnr/jnr-a64asm/1.0.0/jnr-a64asm-1.0.0.jar:/Users/pinakinchoudhary/.m2/repository/com/github/jnr/jnr-x86asm/1.0.2/jnr-x86asm-1.0.2.jar:/Users/pinakinchoudhary/.m2/repository/com/typesafe/akka/akka-cluster-sharding-typed_2.13/2.8.5/akka-cluster-sharding-typed_2.13-2.8.5.jar:/Users/pinakinchoudhary/.m2/repository/com/typesafe/akka/akka-cluster-sharding_2.13/2.8.5/akka-cluster-sharding_2.13-2.8.5.jar:/Users/pinakinchoudhary/.m2/repository/com/typesafe/akka/akka-persistence_2.13/2.8.5/akka-persistence_2.13-2.8.5.jar:/Users/pinakinchoudhary/.m2/repository/com/typesafe/akka/akka-remote_2.13/2.8.5/akka-remote_2.13-2.8.5.jar:/Users/pinakinchoudhary/.m2/repository/com/typesafe/akka/akka-pki_2.13/2.8.5/akka-pki_2.13-2.8.5.jar:/Users/pinakinchoudhary/.m2/repository/com/hierynomus/asn-one/0.6.0/asn-one-0.6.0.jar:/Users/pinakinchoudhary/.m2/repository/org/agrona/agrona/1.17.1/agrona-1.17.1.jar:/Users/pinakinchoudhary/.m2/repository/com/fasterxml/jackson/core/jackson-databind/2.15.2/jackson-databind-2.15.2.jar:/Users/pinakinchoudhary/.m2/repository/com/fasterxml/jackson/core/jackson-annotations/2.15.2/jackson-annotations-2.15.2.jar:/Users/pinakinchoudhary/.m2/repository/com/fasterxml/jackson/core/jackson-core/2.15.2/jackson-core-2.15.2.jar:/Users/pinakinchoudhary/.m2/repository/org/slf4j/slf4j-api/2.0.17/slf4j-api-2.0.17.jar:/Users/pinakinchoudhary/.m2/repository/org/slf4j/slf4j-simple/2.0.17/slf4j-simple-2.0.17.jar:/Users/pinakinchoudhary/.m2/repository/com/typesafe/akka/akka-actor-testkit-typed_2.13/2.8.5/akka-actor-testkit-typed_2.13-2.8.5.jar:/Users/pinakinchoudhary/.m2/repository/com/typesafe/akka/akka-testkit_2.13/2.8.5/akka-testkit_2.13-2.8.5.jar:/Users/pinakinchoudhary/.m2/repository/junit/junit/4.13.2/junit-4.13.2.jar:/Users/pinakinchoudhary/.m2/repository/org/hamcrest/hamcrest-core/1.3/hamcrest-core-1.3.jar:"/>
    <property name="java.vm.vendor" value="Homebrew"/>
    <property name="sun.arch.data.model" value="64"/>
    <property name="java.vendor.url" value="https://github.com/Homebrew/homebrew-core/issues"/>
    <property name="os.name" value="Mac OS X"/>
    <property name="java.vm.specification.version" value="23"/>
    <property name="sun.java.launcher" value="SUN_STANDARD"/>
    <property name="user.country" value="US"/>
    <property name="sun.boot.library.path" value="/opt/homebrew/Cellar/openjdk/23.0.2/libexec/openjdk.jdk/Contents/Home/lib"/>
    <property name="sun.java.command" value="/Users/pinakinchoudhary/Developer/pods/akka-httpserver/target/surefire/surefirebooter-20250404205742303_3.jar /Users/pinakinchoudhary/Developer/pods/akka-httpserver/target/surefire 2025-04-04T20-57-41_130-jvmRun1 surefire-20250404205742303_1tmp surefire_0-20250404205742303_2tmp"/>
    <property name="http.nonProxyHosts" value="local|*.local|169.254/16|*.169.254/16"/>
    <property name="jdk.debug" value="release"/>
    <property name="surefire.test.class.path" value="/Users/pinakinchoudhary/Developer/pods/akka-httpserver/target/test-classes:/Users/pinakinchoudhary/Developer/pods/akka-httpserver/target/classes:/Users/pinakinchoudhary/.m2/repository/com/typesafe/akka/akka-http_2.13/10.5.3/akka-http_2.13-10.5.3.jar:/Users/pinakinchoudhary/.m2/repository/org/scala-lang/scala-library/2.13.10/scala-library-2.13.10.jar:/Users/pinakinchoudhary/.m2/repository/com/typesafe/akka/akka-http-core_2.13/10.5.3/akka-http-core_2.13-10.5.3.jar:/Users/pinakinchoudhary/.m2/repository/com/typesafe/akka/akka-parsing_2.13/10.5.3/akka-parsing_2.13-10.5.3.jar:/Users/pinakinchoudhary/.m2/repository/com/typesafe/akka/akka-stream_2.13/2.8.5/akka-stream_2.13-2.8.5.jar:/Users/pinakinchoudhary/.m2/repository/com/typesafe/akka/akka-actor_2.13/2.8.5/akka-actor_2.13-2.8.5.jar:/Users/pinakinchoudhary/.m2/repository/com/typesafe/config/1.4.2/config-1.4.2.jar:/Users/pinakinchoudhary/.m2/repository/org/scala-lang/modules/scala-java8-compat_2.13/1.0.0/scala-java8-compat_2.13-1.0.0.jar:/Users/pinakinchoudhary/.m2/repository/com/typesafe/akka/akka-protobuf-v3_2.13/2.8.5/akka-protobuf-v3_2.13-2.8.5.jar:/Users/pinakinchoudhary/.m2/repository/org/reactivestreams/reactive-streams/1.0.4/reactive-streams-1.0.4.jar:/Users/pinakinchoudhary/.m2/repository/com/typesafe/ssl-config-core_2.13/0.6.1/ssl-config-core_2.13-0.6.1.jar:/Users/pinakinchoudhary/.m2/repository/com/typesafe/akka/akka-http-jackson_2.13/10.5.3/akka-http-jackson_2.13-10.5.3.jar:/Users/pinakinchoudhary/.m2/repository/com/typesafe/akka/akka-actor-typed_2.13/2.8.5/akka-actor-typed_2.13-2.8.5.jar:/Users/pinakinchoudhary/.m2/repository/com/typesafe/akka/akka-slf4j_2.13/2.8.5/akka-slf4j_2.13-2.8.5.jar:/Users/pinakinchoudhary/.m2/repository/com/typesafe/akka/akka-cluster-typed_2.13/2.8.5/akka-cluster-typed_2.13-2.8.5.jar:/Users/pinakinchoudhary/.m2/repository/com/typesafe/akka/akka-cluster_2.13/2.8.5/akka-cluster_2.13-2.8.5.jar:/Users/pinakinchoudhary/.m2/repository/com/typesafe/akka/akka-coordination_2.13/2.8.5/akka-coordination_2.13-2.8.5.jar:/Users/pinakinchoudhary/.m2/repository/com/typesafe/akka/akka-cluster-tools_2.13/2.8.5/akka-cluster-tools_2.13-2.8.5.jar:/Users/pinakinchoudhary/.m2/repository/com/typesafe/akka/akka-distributed-data_2.13/2.8.5/akka-distributed-data_2.13-2.8.5.jar:/Users/pinakinchoudhary/.m2/repository/org/lmdbjava/lmdbjava/0.8.3/lmdbjava-0.8.3.jar:/Users/pinakinchoudhary/.m2/repository/com/github/jnr/jnr-constants/0.10.4/jnr-constants-0.10.4.jar:/Users/pinakinchoudhary/.m2/repository/com/github/jnr/jnr-ffi/2.2.13/jnr-ffi-2.2.13.jar:/Users/pinakinchoudhary/.m2/repository/com/github/jnr/jffi/1.3.10/jffi-1.3.10.jar:/Users/pinakinchoudhary/.m2/repository/com/github/jnr/jffi/1.3.10/jffi-1.3.10-native.jar:/Users/pinakinchoudhary/.m2/repository/org/ow2/asm/asm/9.2/asm-9.2.jar:/Users/pinakinchoudhary/.m2/repository/org/ow2/asm/asm-commons/9.2/asm-commons-9.2.jar:/Users/pinakinchoudhary/.m2/repository/org/ow2/asm/asm-analysis/9.2/asm-analysis-9.2.jar:/Users/pinakinchoudhary/.m2/repository/org/ow2/asm/asm-tree/9.2/asm-tree-9.2.jar:/Users/pinakinchoudhary/.m2/repository/org/ow2/asm/asm-util/9.2/asm-util-9.2.jar:/Users/pinakinchoudhary/.m2/repository/com/github/jnr/jnr-a64asm/1.0.0/jnr-a64asm-1.0.0.jar:/Users/pinakinchoudhary/.m2/repository/com/github/jnr/jnr-x86asm/1.0.2/jnr-x86asm-1.0.2.jar:/Users/pinakinchoudhary/.m2/repository/com/typesafe/akka/akka-cluster-sharding-typed_2.13/2.8.5/akka-cluster-sharding-typed_2.13-2.8.5.jar:/Users/pinakinchoudhary/.m2/repository/com/typesafe/akka/akka-cluster-sharding_2.13/2.8.5/akka-cluster-sharding_2.13-2.8.5.jar:/Users/pinakinchoudhary/.m2/repository/com/typesafe/akka/akka-persistence_2.13/2.8.5/akka-persistence_2.13-2.8.5.jar:/Users/pinakinchoudhary/.m2/repository/com/typesafe/akka/akka-remote_2.13/2.8.5/akka-remote_2.13-2.8.5.jar:/Users/pinakinchoudhary/.m2/repository/com/typesafe/akka/akka-pki_2.13/2.8.5/akka-pki_2.13-2.8.5.jar:/Users/pinakinchoudhary/.m2/repository/com/hierynomus/asn-one/0.6.0/asn-one-0.6.0.jar:/Users/pinakinchoudhary/.m2/repository/org/agrona/agrona/1.17.1/agrona-1.17.1.jar:/Users/pinakinchoudhary/.m2/repository/com/fasterxml/jackson/core/jackson-databind/2.15.2/jackson-databind-2.15.2.jar:/Users/pinakinchoudhary/.m2/repository/com/fasterxml/jackson/core/jackson-annotations/2.15.2/jackson-annotations-2.15.2.jar:/Users/pinakinchoudhary/.m2/repository/com/fasterxml/jackson/core/jackson-core/2.15.2/jackson-core-2.15.2.jar:/Users/pinakinchoudhary/.m2/repository/org/slf4j/slf4j-api/2.0.17/slf4j-api-2.0.17.jar:/Users/pinakinchoudhary/.m2/repository/org/slf4j/slf4j-simple/2.0.17/slf4j-simple-2.0.17.jar:/Users/pinakinchoudhary/.m2/repository/com/typesafe/akka/akka-actor-testkit-typed_2.13/2.8.5/akka-actor-testkit-typed_2.13-2.8.5.jar:/Users/pinakinchoudhary/.m2/repository/com/typesafe/akka/akka-testkit_2.13/2.8.5/akka-testkit_2.13-2.8.5.jar:/Users/pinakinchoudhary/.m2/repository/junit/junit/4.13.2/junit-4.13.2.jar:/Users/pinakinchoudhary/.m2/repository/org/hamcrest/hamcrest-core/1.3/hamcrest-core-1.3.jar:"/>
    <property name="sun.cpu.endian" value="little"/>
    <property name="user.home" value="/Users/pinakinchoudhary"/>
    <property name="user.language" value="en"/>
    <property name="java.specification.vendor" value="Oracle Corporation"/>
    <property name="java.version.date" value="2025-01-21"/>
    <property name="java.home" value="/opt/homebrew/Cellar/openjdk/23.0.2/libexec/openjdk.jdk/Contents/Home"/>
    <property name="file.separator" value="/"/>
    <property name="basedir" value="/Users/pinakinchoudhary/Developer/pods/akka-httpserver"/>
    <property name="java.vm.compressedOopsMode" value="Zero based"/>
    <property name="line.separator" value="&#10;"/>
    <property name="java.vm.specification.vendor" value="Oracle Corporation"/>
    <property name="java.specification.name" value="Java Platform API Specification"/>
    <property name="apple.awt.application.name" value="ForkedBooter"/>
    <property name="surefire.real.class.path" value="/Users/pinakinchoudhary/Developer/pods/akka-httpserver/target/surefire/surefirebooter-20250404205742303_3.jar"/>
    <property name="sun.management.compiler" value="HotSpot 64-Bit Tiered Compilers"/>
    <property name="ftp.nonProxyHosts" value="local|*.local|169.254/16|*.169.254/16"/>
    <property name="java.runtime.version" value="23.0.2"/>
    <property name="user.name" value="pinakinchoudhary"/>
    <property name="stdout.encoding" value="UTF-8"/>
    <property name="path.separator" value=":"/>
    <property name="os.version" value="15.3.2"/>
    <property name="java.runtime.name" value="OpenJDK Runtime Environment"/>
    <property name="file.encoding" value="UTF-8"/>
    <property name="java.vm.name" value="OpenJDK 64-Bit Server VM"/>
    <property name="java.vendor.version" value="Homebrew"/>
    <property name="localRepository" value="/Users/pinakinchoudhary/.m2/repository"/>
    <property name="java.vendor.url.bug" value="https://github.com/Homebrew/homebrew-core/issues"/>
    <property name="java.io.tmpdir" value="/var/folders/50/0xmnvtwn30l4s73n2zw3d8z00000gn/T/"/>
    <property name="java.version" value="23.0.2"/>
    <property name="user.dir" value="/Users/pinakinchoudhary/Developer/pods/akka-httpserver"/>
    <property name="os.arch" value="aarch64"/>
    <property name="java.vm.specification.name" value="Java Virtual Machine Specification"/>
    <property name="native.encoding" value="UTF-8"/>
    <property name="java.library.path" value="/Users/pinakinchoudhary/Library/Java/Extensions:/Library/Java/Extensions:/Network/Library/Java/Extensions:/System/Library/Java/Extensions:/usr/lib/java:."/>
    <property name="java.vm.info" value="mixed mode, sharing"/>
    <property name="stderr.encoding" value="UTF-8"/>
    <property name="java.vendor" value="Homebrew"/>
    <property name="java.vm.version" value="23.0.2"/>
    <property name="sun.io.unicode.encoding" value="UnicodeBig"/>
    <property name="socksNonProxyHosts" value="local|*.local|169.254/16|*.169.254/16"/>
    <property name="java.class.version" value="67.0"/>
  </properties>
  <testcase name="testApp" classname="com.example.AppTest" time="0.001"/>
</testsuite>